{"__type":"$$EventMessageAudit","id":"cee4a863-377b-4489-8909-528dfe55d9ae","ts":"2025-08-07T20:20:39.199+00:00","eventName":"n8n.audit.workflow.created","message":"n8n.audit.workflow.created","payload":{"userId":"1028c71f-cf2a-4232-8a83-0097f7a8b91d","_email":"dm.mugen@gmail.com","_firstName":"DIEGO","_lastName":"MENESCAL","globalRole":"global:owner","workflowId":"nGoY41sW5ZE55awW","workflowName":"My workflow"}}
{"__type":"$$EventMessageConfirm","confirm":"cee4a863-377b-4489-8909-528dfe55d9ae","ts":"2025-08-07T20:20:39.199+00:00","source":{"id":"0","name":"eventBus"}}
{"__type":"$$EventMessageWorkflow","id":"61492134-a8a1-4f18-b24d-eab1eec019fe","ts":"2025-08-07T20:20:39.381+00:00","eventName":"n8n.workflow.started","message":"n8n.workflow.started","payload":{"executionId":"1","workflowId":"nGoY41sW5ZE55awW","isManual":false,"workflowName":"My workflow"}}
{"__type":"$$EventMessageConfirm","confirm":"61492134-a8a1-4f18-b24d-eab1eec019fe","ts":"2025-08-07T20:20:39.381+00:00","source":{"id":"0","name":"eventBus"}}
{"__type":"$$EventMessageNode","id":"88fb180c-06f6-473f-b3b3-69bb7f8c6d21","ts":"2025-08-07T20:20:39.383+00:00","eventName":"n8n.node.started","message":"n8n.node.started","payload":{"workflowId":"nGoY41sW5ZE55awW","workflowName":"My workflow","executionId":"1","nodeType":"n8n-nodes-base.webhook","nodeName":"WAB_MSG_Intercept","nodeId":"050e44c6-3b09-4c22-868b-b11a84b0eda4"}}
{"__type":"$$EventMessageConfirm","confirm":"88fb180c-06f6-473f-b3b3-69bb7f8c6d21","ts":"2025-08-07T20:20:39.383+00:00","source":{"id":"0","name":"eventBus"}}
{"__type":"$$EventMessageNode","id":"8abb2d87-57e6-4d47-95b4-d0613ac3d5e0","ts":"2025-08-07T20:20:39.387+00:00","eventName":"n8n.node.finished","message":"n8n.node.finished","payload":{"workflowId":"nGoY41sW5ZE55awW","workflowName":"My workflow","executionId":"1","nodeType":"n8n-nodes-base.webhook","nodeName":"WAB_MSG_Intercept","nodeId":"050e44c6-3b09-4c22-868b-b11a84b0eda4"}}
{"__type":"$$EventMessageConfirm","confirm":"8abb2d87-57e6-4d47-95b4-d0613ac3d5e0","ts":"2025-08-07T20:20:39.387+00:00","source":{"id":"0","name":"eventBus"}}
{"__type":"$$EventMessageNode","id":"62899266-0edf-45d8-95b1-e3867949ae96","ts":"2025-08-07T20:20:39.389+00:00","eventName":"n8n.node.started","message":"n8n.node.started","payload":{"workflowId":"nGoY41sW5ZE55awW","workflowName":"My workflow","executionId":"1","nodeType":"n8n-nodes-base.set","nodeName":"Separate Fields","nodeId":"05e6545f-251e-4f17-9a03-0408433a1fd5"}}
{"__type":"$$EventMessageConfirm","confirm":"62899266-0edf-45d8-95b1-e3867949ae96","ts":"2025-08-07T20:20:39.389+00:00","source":{"id":"0","name":"eventBus"}}
{"__type":"$$EventMessageNode","id":"06d145d2-76fe-4e38-a8d3-db4ccbeae293","ts":"2025-08-07T20:20:39.391+00:00","eventName":"n8n.node.finished","message":"n8n.node.finished","payload":{"workflowId":"nGoY41sW5ZE55awW","workflowName":"My workflow","executionId":"1","nodeType":"n8n-nodes-base.set","nodeName":"Separate Fields","nodeId":"05e6545f-251e-4f17-9a03-0408433a1fd5"}}
{"__type":"$$EventMessageConfirm","confirm":"06d145d2-76fe-4e38-a8d3-db4ccbeae293","ts":"2025-08-07T20:20:39.391+00:00","source":{"id":"0","name":"eventBus"}}
{"__type":"$$EventMessageNode","id":"ebc3ff25-1094-4db1-8383-b1ec84b909da","ts":"2025-08-07T20:20:39.392+00:00","eventName":"n8n.node.started","message":"n8n.node.started","payload":{"workflowId":"nGoY41sW5ZE55awW","workflowName":"My workflow","executionId":"1","nodeType":"n8n-nodes-base.convertToFile","nodeName":"Convert to File","nodeId":"b75271b0-2f14-44b3-a5d9-64fb42c9f868"}}
{"__type":"$$EventMessageConfirm","confirm":"ebc3ff25-1094-4db1-8383-b1ec84b909da","ts":"2025-08-07T20:20:39.392+00:00","source":{"id":"0","name":"eventBus"}}
{"__type":"$$EventMessageNode","id":"a500b07b-15f8-437a-b651-b3c366d8d6f8","ts":"2025-08-07T20:20:39.419+00:00","eventName":"n8n.node.finished","message":"n8n.node.finished","payload":{"workflowId":"nGoY41sW5ZE55awW","workflowName":"My workflow","executionId":"1","nodeType":"n8n-nodes-base.convertToFile","nodeName":"Convert to File","nodeId":"b75271b0-2f14-44b3-a5d9-64fb42c9f868"}}
{"__type":"$$EventMessageConfirm","confirm":"a500b07b-15f8-437a-b651-b3c366d8d6f8","ts":"2025-08-07T20:20:39.419+00:00","source":{"id":"0","name":"eventBus"}}
{"__type":"$$EventMessageNode","id":"77d62656-9d8e-4f99-9280-fe0e17f38e04","ts":"2025-08-07T20:20:39.420+00:00","eventName":"n8n.node.started","message":"n8n.node.started","payload":{"workflowId":"nGoY41sW5ZE55awW","workflowName":"My workflow","executionId":"1","nodeType":"n8n-nodes-base.readWriteFile","nodeName":"Save L1 Data","nodeId":"3ae87e17-7445-4d06-915d-fa7f63df253d"}}
{"__type":"$$EventMessageConfirm","confirm":"77d62656-9d8e-4f99-9280-fe0e17f38e04","ts":"2025-08-07T20:20:39.420+00:00","source":{"id":"0","name":"eventBus"}}
{"__type":"$$EventMessageNode","id":"d0112370-7ee5-4a7e-a913-f8c8dfb354d2","ts":"2025-08-07T20:20:39.424+00:00","eventName":"n8n.node.finished","message":"n8n.node.finished","payload":{"workflowId":"nGoY41sW5ZE55awW","workflowName":"My workflow","executionId":"1","nodeType":"n8n-nodes-base.readWriteFile","nodeName":"Save L1 Data","nodeId":"3ae87e17-7445-4d06-915d-fa7f63df253d"}}
{"__type":"$$EventMessageConfirm","confirm":"d0112370-7ee5-4a7e-a913-f8c8dfb354d2","ts":"2025-08-07T20:20:39.424+00:00","source":{"id":"0","name":"eventBus"}}
{"__type":"$$EventMessageWorkflow","id":"6a4809a4-7d55-4529-8939-d9284e1c57af","ts":"2025-08-07T20:20:39.430+00:00","eventName":"n8n.workflow.success","message":"n8n.workflow.success","payload":{"userId":"1028c71f-cf2a-4232-8a83-0097f7a8b91d","executionId":"1","success":true,"isManual":true,"workflowId":"nGoY41sW5ZE55awW","workflowName":"My workflow"}}
{"__type":"$$EventMessageConfirm","confirm":"6a4809a4-7d55-4529-8939-d9284e1c57af","ts":"2025-08-07T20:20:39.430+00:00","source":{"id":"0","name":"eventBus"}}
{"__type":"$$EventMessageWorkflow","id":"bcf6c06f-3177-40f2-b026-b993ffd6c696","ts":"2025-08-07T16:21:21.752-04:00","eventName":"n8n.workflow.started","message":"n8n.workflow.started","payload":{"executionId":"2","workflowId":"nGoY41sW5ZE55awW","isManual":false,"workflowName":"My workflow"}}
{"__type":"$$EventMessageConfirm","confirm":"bcf6c06f-3177-40f2-b026-b993ffd6c696","ts":"2025-08-07T16:21:21.753-04:00","source":{"id":"0","name":"eventBus"}}
{"__type":"$$EventMessageNode","id":"9167046d-7884-440e-a4b3-6938322c6632","ts":"2025-08-07T16:21:21.754-04:00","eventName":"n8n.node.started","message":"n8n.node.started","payload":{"workflowId":"nGoY41sW5ZE55awW","workflowName":"My workflow","executionId":"2","nodeType":"n8n-nodes-base.webhook","nodeName":"WAB_MSG_Intercept","nodeId":"050e44c6-3b09-4c22-868b-b11a84b0eda4"}}
{"__type":"$$EventMessageConfirm","confirm":"9167046d-7884-440e-a4b3-6938322c6632","ts":"2025-08-07T16:21:21.754-04:00","source":{"id":"0","name":"eventBus"}}
{"__type":"$$EventMessageNode","id":"d707a996-b7ea-4150-90ea-7646576e37ff","ts":"2025-08-07T16:21:21.756-04:00","eventName":"n8n.node.finished","message":"n8n.node.finished","payload":{"workflowId":"nGoY41sW5ZE55awW","workflowName":"My workflow","executionId":"2","nodeType":"n8n-nodes-base.webhook","nodeName":"WAB_MSG_Intercept","nodeId":"050e44c6-3b09-4c22-868b-b11a84b0eda4"}}
{"__type":"$$EventMessageConfirm","confirm":"d707a996-b7ea-4150-90ea-7646576e37ff","ts":"2025-08-07T16:21:21.756-04:00","source":{"id":"0","name":"eventBus"}}
{"__type":"$$EventMessageNode","id":"c899025d-9f66-4b33-b6e2-a11b4e7afd8e","ts":"2025-08-07T16:21:21.757-04:00","eventName":"n8n.node.started","message":"n8n.node.started","payload":{"workflowId":"nGoY41sW5ZE55awW","workflowName":"My workflow","executionId":"2","nodeType":"n8n-nodes-base.set","nodeName":"Separate Fields","nodeId":"05e6545f-251e-4f17-9a03-0408433a1fd5"}}
{"__type":"$$EventMessageConfirm","confirm":"c899025d-9f66-4b33-b6e2-a11b4e7afd8e","ts":"2025-08-07T16:21:21.757-04:00","source":{"id":"0","name":"eventBus"}}
{"__type":"$$EventMessageNode","id":"7e0a4238-a433-408b-be4e-1737b55daff1","ts":"2025-08-07T16:21:21.804-04:00","eventName":"n8n.node.finished","message":"n8n.node.finished","payload":{"workflowId":"nGoY41sW5ZE55awW","workflowName":"My workflow","executionId":"2","nodeType":"n8n-nodes-base.set","nodeName":"Separate Fields","nodeId":"05e6545f-251e-4f17-9a03-0408433a1fd5"}}
{"__type":"$$EventMessageConfirm","confirm":"7e0a4238-a433-408b-be4e-1737b55daff1","ts":"2025-08-07T16:21:21.804-04:00","source":{"id":"0","name":"eventBus"}}
{"__type":"$$EventMessageNode","id":"2d98d452-e6ae-4d4d-b55d-b687efec1364","ts":"2025-08-07T16:21:21.806-04:00","eventName":"n8n.node.started","message":"n8n.node.started","payload":{"workflowId":"nGoY41sW5ZE55awW","workflowName":"My workflow","executionId":"2","nodeType":"n8n-nodes-base.convertToFile","nodeName":"Convert to File","nodeId":"b75271b0-2f14-44b3-a5d9-64fb42c9f868"}}
{"__type":"$$EventMessageConfirm","confirm":"2d98d452-e6ae-4d4d-b55d-b687efec1364","ts":"2025-08-07T16:21:21.806-04:00","source":{"id":"0","name":"eventBus"}}
{"__type":"$$EventMessageNode","id":"15c84ee7-3d25-469f-904d-ab64b244541f","ts":"2025-08-07T16:21:21.810-04:00","eventName":"n8n.node.finished","message":"n8n.node.finished","payload":{"workflowId":"nGoY41sW5ZE55awW","workflowName":"My workflow","executionId":"2","nodeType":"n8n-nodes-base.convertToFile","nodeName":"Convert to File","nodeId":"b75271b0-2f14-44b3-a5d9-64fb42c9f868"}}
{"__type":"$$EventMessageConfirm","confirm":"15c84ee7-3d25-469f-904d-ab64b244541f","ts":"2025-08-07T16:21:21.810-04:00","source":{"id":"0","name":"eventBus"}}
{"__type":"$$EventMessageNode","id":"da19f2a3-34d0-403b-9c7a-39e02b8fe149","ts":"2025-08-07T16:21:21.810-04:00","eventName":"n8n.node.started","message":"n8n.node.started","payload":{"workflowId":"nGoY41sW5ZE55awW","workflowName":"My workflow","executionId":"2","nodeType":"n8n-nodes-base.readWriteFile","nodeName":"Save L1 Data","nodeId":"3ae87e17-7445-4d06-915d-fa7f63df253d"}}
{"__type":"$$EventMessageConfirm","confirm":"da19f2a3-34d0-403b-9c7a-39e02b8fe149","ts":"2025-08-07T16:21:21.810-04:00","source":{"id":"0","name":"eventBus"}}
{"__type":"$$EventMessageNode","id":"ef901c7d-39b9-4a86-b036-eabc7ad5c984","ts":"2025-08-07T16:21:21.812-04:00","eventName":"n8n.node.finished","message":"n8n.node.finished","payload":{"workflowId":"nGoY41sW5ZE55awW","workflowName":"My workflow","executionId":"2","nodeType":"n8n-nodes-base.readWriteFile","nodeName":"Save L1 Data","nodeId":"3ae87e17-7445-4d06-915d-fa7f63df253d"}}
{"__type":"$$EventMessageConfirm","confirm":"ef901c7d-39b9-4a86-b036-eabc7ad5c984","ts":"2025-08-07T16:21:21.813-04:00","source":{"id":"0","name":"eventBus"}}
{"__type":"$$EventMessageWorkflow","id":"0471d20e-0e1e-45d9-bbf7-2ab312acd1bb","ts":"2025-08-07T16:21:21.815-04:00","eventName":"n8n.workflow.success","message":"n8n.workflow.success","payload":{"executionId":"2","success":true,"isManual":true,"workflowId":"nGoY41sW5ZE55awW","workflowName":"My workflow"}}
{"__type":"$$EventMessageConfirm","confirm":"0471d20e-0e1e-45d9-bbf7-2ab312acd1bb","ts":"2025-08-07T16:21:21.815-04:00","source":{"id":"0","name":"eventBus"}}
{"__type":"$$EventMessageWorkflow","id":"ea4af5f8-a2ce-4a93-aad9-aae02299ce9e","ts":"2025-08-07T16:23:26.633-04:00","eventName":"n8n.workflow.started","message":"n8n.workflow.started","payload":{"executionId":"3","workflowId":"nGoY41sW5ZE55awW","isManual":false,"workflowName":"My workflow"}}
{"__type":"$$EventMessageConfirm","confirm":"ea4af5f8-a2ce-4a93-aad9-aae02299ce9e","ts":"2025-08-07T16:23:26.633-04:00","source":{"id":"0","name":"eventBus"}}
{"__type":"$$EventMessageNode","id":"b957c736-efdc-4eda-8fab-1b3f95571a53","ts":"2025-08-07T16:23:26.633-04:00","eventName":"n8n.node.started","message":"n8n.node.started","payload":{"workflowId":"nGoY41sW5ZE55awW","workflowName":"My workflow","executionId":"3","nodeType":"n8n-nodes-base.readWriteFile","nodeName":"Save L1 Data","nodeId":"3ae87e17-7445-4d06-915d-fa7f63df253d"}}
{"__type":"$$EventMessageConfirm","confirm":"b957c736-efdc-4eda-8fab-1b3f95571a53","ts":"2025-08-07T16:23:26.634-04:00","source":{"id":"0","name":"eventBus"}}
{"__type":"$$EventMessageNode","id":"badeaf24-8ca5-4205-8708-5fcb38be7e2f","ts":"2025-08-07T16:23:26.636-04:00","eventName":"n8n.node.finished","message":"n8n.node.finished","payload":{"workflowId":"nGoY41sW5ZE55awW","workflowName":"My workflow","executionId":"3","nodeType":"n8n-nodes-base.readWriteFile","nodeName":"Save L1 Data","nodeId":"3ae87e17-7445-4d06-915d-fa7f63df253d"}}
{"__type":"$$EventMessageConfirm","confirm":"badeaf24-8ca5-4205-8708-5fcb38be7e2f","ts":"2025-08-07T16:23:26.637-04:00","source":{"id":"0","name":"eventBus"}}
{"__type":"$$EventMessageWorkflow","id":"158f2ea1-9855-4a9a-9e55-0539ea91c39e","ts":"2025-08-07T16:23:26.640-04:00","eventName":"n8n.workflow.success","message":"n8n.workflow.success","payload":{"userId":"1028c71f-cf2a-4232-8a83-0097f7a8b91d","executionId":"3","success":true,"isManual":true,"workflowId":"nGoY41sW5ZE55awW","workflowName":"My workflow"}}
{"__type":"$$EventMessageConfirm","confirm":"158f2ea1-9855-4a9a-9e55-0539ea91c39e","ts":"2025-08-07T16:23:26.640-04:00","source":{"id":"0","name":"eventBus"}}
{"__type":"$$EventMessageWorkflow","id":"f53ff000-740b-403c-9832-2215decb7aed","ts":"2025-08-08T08:10:42.828-04:00","eventName":"n8n.workflow.started","message":"n8n.workflow.started","payload":{"executionId":"4","workflowId":"nGoY41sW5ZE55awW","isManual":false,"workflowName":"My workflow"}}
{"__type":"$$EventMessageConfirm","confirm":"f53ff000-740b-403c-9832-2215decb7aed","ts":"2025-08-08T08:10:42.829-04:00","source":{"id":"0","name":"eventBus"}}
{"__type":"$$EventMessageNode","id":"1fb32117-4974-4132-8a28-e56cfd676fee","ts":"2025-08-08T08:10:42.831-04:00","eventName":"n8n.node.started","message":"n8n.node.started","payload":{"workflowId":"nGoY41sW5ZE55awW","workflowName":"My workflow","executionId":"4","nodeType":"n8n-nodes-base.readWriteFile","nodeName":"Save L1 Data","nodeId":"3ae87e17-7445-4d06-915d-fa7f63df253d"}}
{"__type":"$$EventMessageConfirm","confirm":"1fb32117-4974-4132-8a28-e56cfd676fee","ts":"2025-08-08T08:10:42.831-04:00","source":{"id":"0","name":"eventBus"}}
{"__type":"$$EventMessageNode","id":"f30f282b-ef8f-4c0d-9fe2-a00fce8be2b1","ts":"2025-08-08T08:10:42.928-04:00","eventName":"n8n.node.finished","message":"n8n.node.finished","payload":{"workflowId":"nGoY41sW5ZE55awW","workflowName":"My workflow","executionId":"4","nodeType":"n8n-nodes-base.readWriteFile","nodeName":"Save L1 Data","nodeId":"3ae87e17-7445-4d06-915d-fa7f63df253d"}}
{"__type":"$$EventMessageConfirm","confirm":"f30f282b-ef8f-4c0d-9fe2-a00fce8be2b1","ts":"2025-08-08T08:10:42.928-04:00","source":{"id":"0","name":"eventBus"}}
{"__type":"$$EventMessageWorkflow","id":"8c211881-e490-41b9-8eb3-be98a0392f8a","ts":"2025-08-08T08:10:42.934-04:00","eventName":"n8n.workflow.failed","message":"n8n.workflow.failed","payload":{"userId":"1028c71f-cf2a-4232-8a83-0097f7a8b91d","executionId":"4","success":false,"isManual":true,"workflowId":"nGoY41sW5ZE55awW","workflowName":"My workflow","lastNodeExecuted":"Save L1 Data","errorNodeType":"n8n-nodes-base.readWriteFile","errorMessage":"Forbidden by access permissions, make sure you have the right permissions"}}
{"__type":"$$EventMessageConfirm","confirm":"8c211881-e490-41b9-8eb3-be98a0392f8a","ts":"2025-08-08T08:10:42.934-04:00","source":{"id":"0","name":"eventBus"}}
{"__type":"$$EventMessageWorkflow","id":"2c2e3f14-408c-4074-90a2-808e8e2704fd","ts":"2025-08-08T08:14:51.819-04:00","eventName":"n8n.workflow.started","message":"n8n.workflow.started","payload":{"executionId":"5","workflowId":"nGoY41sW5ZE55awW","isManual":false,"workflowName":"My workflow"}}
{"__type":"$$EventMessageConfirm","confirm":"2c2e3f14-408c-4074-90a2-808e8e2704fd","ts":"2025-08-08T08:14:51.820-04:00","source":{"id":"0","name":"eventBus"}}
{"__type":"$$EventMessageNode","id":"46cccfde-95bc-40bb-8035-41410f601513","ts":"2025-08-08T08:14:51.821-04:00","eventName":"n8n.node.started","message":"n8n.node.started","payload":{"workflowId":"nGoY41sW5ZE55awW","workflowName":"My workflow","executionId":"5","nodeType":"n8n-nodes-base.webhook","nodeName":"WAB_MSG_Intercept","nodeId":"050e44c6-3b09-4c22-868b-b11a84b0eda4"}}
{"__type":"$$EventMessageConfirm","confirm":"46cccfde-95bc-40bb-8035-41410f601513","ts":"2025-08-08T08:14:51.821-04:00","source":{"id":"0","name":"eventBus"}}
{"__type":"$$EventMessageNode","id":"eebfaac1-7df2-4e83-bbd3-930e8bf4a454","ts":"2025-08-08T08:14:51.824-04:00","eventName":"n8n.node.finished","message":"n8n.node.finished","payload":{"workflowId":"nGoY41sW5ZE55awW","workflowName":"My workflow","executionId":"5","nodeType":"n8n-nodes-base.webhook","nodeName":"WAB_MSG_Intercept","nodeId":"050e44c6-3b09-4c22-868b-b11a84b0eda4"}}
{"__type":"$$EventMessageConfirm","confirm":"eebfaac1-7df2-4e83-bbd3-930e8bf4a454","ts":"2025-08-08T08:14:51.824-04:00","source":{"id":"0","name":"eventBus"}}
{"__type":"$$EventMessageNode","id":"95a160c4-1fb5-4000-b66f-0eb8cec585ef","ts":"2025-08-08T08:14:51.825-04:00","eventName":"n8n.node.started","message":"n8n.node.started","payload":{"workflowId":"nGoY41sW5ZE55awW","workflowName":"My workflow","executionId":"5","nodeType":"n8n-nodes-base.set","nodeName":"Separate Fields","nodeId":"05e6545f-251e-4f17-9a03-0408433a1fd5"}}
{"__type":"$$EventMessageConfirm","confirm":"95a160c4-1fb5-4000-b66f-0eb8cec585ef","ts":"2025-08-08T08:14:51.825-04:00","source":{"id":"0","name":"eventBus"}}
{"__type":"$$EventMessageNode","id":"6b21757e-2d3b-4450-9f12-176aad360ad8","ts":"2025-08-08T08:14:51.843-04:00","eventName":"n8n.node.finished","message":"n8n.node.finished","payload":{"workflowId":"nGoY41sW5ZE55awW","workflowName":"My workflow","executionId":"5","nodeType":"n8n-nodes-base.set","nodeName":"Separate Fields","nodeId":"05e6545f-251e-4f17-9a03-0408433a1fd5"}}
{"__type":"$$EventMessageConfirm","confirm":"6b21757e-2d3b-4450-9f12-176aad360ad8","ts":"2025-08-08T08:14:51.843-04:00","source":{"id":"0","name":"eventBus"}}
{"__type":"$$EventMessageNode","id":"f252a75b-224c-4b88-9e09-eb500ee03c6c","ts":"2025-08-08T08:14:51.844-04:00","eventName":"n8n.node.started","message":"n8n.node.started","payload":{"workflowId":"nGoY41sW5ZE55awW","workflowName":"My workflow","executionId":"5","nodeType":"n8n-nodes-base.convertToFile","nodeName":"Convert to File","nodeId":"b75271b0-2f14-44b3-a5d9-64fb42c9f868"}}
{"__type":"$$EventMessageConfirm","confirm":"f252a75b-224c-4b88-9e09-eb500ee03c6c","ts":"2025-08-08T08:14:51.844-04:00","source":{"id":"0","name":"eventBus"}}
{"__type":"$$EventMessageNode","id":"92109ec1-b2da-4462-9c6d-707b60d44876","ts":"2025-08-08T08:14:51.850-04:00","eventName":"n8n.node.finished","message":"n8n.node.finished","payload":{"workflowId":"nGoY41sW5ZE55awW","workflowName":"My workflow","executionId":"5","nodeType":"n8n-nodes-base.convertToFile","nodeName":"Convert to File","nodeId":"b75271b0-2f14-44b3-a5d9-64fb42c9f868"}}
{"__type":"$$EventMessageConfirm","confirm":"92109ec1-b2da-4462-9c6d-707b60d44876","ts":"2025-08-08T08:14:51.850-04:00","source":{"id":"0","name":"eventBus"}}
{"__type":"$$EventMessageNode","id":"5f688dba-6520-4287-af01-675b20633512","ts":"2025-08-08T08:14:51.850-04:00","eventName":"n8n.node.started","message":"n8n.node.started","payload":{"workflowId":"nGoY41sW5ZE55awW","workflowName":"My workflow","executionId":"5","nodeType":"n8n-nodes-base.readWriteFile","nodeName":"Save L1 Data","nodeId":"3ae87e17-7445-4d06-915d-fa7f63df253d"}}
{"__type":"$$EventMessageConfirm","confirm":"5f688dba-6520-4287-af01-675b20633512","ts":"2025-08-08T08:14:51.851-04:00","source":{"id":"0","name":"eventBus"}}
{"__type":"$$EventMessageNode","id":"385328fc-1af6-4530-8703-da54921b1710","ts":"2025-08-08T08:14:51.856-04:00","eventName":"n8n.node.finished","message":"n8n.node.finished","payload":{"workflowId":"nGoY41sW5ZE55awW","workflowName":"My workflow","executionId":"5","nodeType":"n8n-nodes-base.readWriteFile","nodeName":"Save L1 Data","nodeId":"3ae87e17-7445-4d06-915d-fa7f63df253d"}}
{"__type":"$$EventMessageConfirm","confirm":"385328fc-1af6-4530-8703-da54921b1710","ts":"2025-08-08T08:14:51.857-04:00","source":{"id":"0","name":"eventBus"}}
{"__type":"$$EventMessageWorkflow","id":"104118dd-315d-410e-b770-c269168f1563","ts":"2025-08-08T08:14:51.860-04:00","eventName":"n8n.workflow.failed","message":"n8n.workflow.failed","payload":{"executionId":"5","success":false,"isManual":true,"workflowId":"nGoY41sW5ZE55awW","workflowName":"My workflow","lastNodeExecuted":"Save L1 Data","errorNodeType":"n8n-nodes-base.readWriteFile","errorMessage":"Forbidden by access permissions, make sure you have the right permissions"}}
{"__type":"$$EventMessageConfirm","confirm":"104118dd-315d-410e-b770-c269168f1563","ts":"2025-08-08T08:14:51.860-04:00","source":{"id":"0","name":"eventBus"}}
{"__type":"$$EventMessageWorkflow","id":"ea8ea02e-1d7d-4c6e-ad03-9a4a9eb37dab","ts":"2025-08-08T08:15:14.352-04:00","eventName":"n8n.workflow.started","message":"n8n.workflow.started","payload":{"executionId":"6","workflowId":"nGoY41sW5ZE55awW","isManual":false,"workflowName":"My workflow"}}
{"__type":"$$EventMessageConfirm","confirm":"ea8ea02e-1d7d-4c6e-ad03-9a4a9eb37dab","ts":"2025-08-08T08:15:14.352-04:00","source":{"id":"0","name":"eventBus"}}
{"__type":"$$EventMessageNode","id":"ad809f68-9f08-4091-b6cb-e7bf1e8edd47","ts":"2025-08-08T08:15:14.353-04:00","eventName":"n8n.node.started","message":"n8n.node.started","payload":{"workflowId":"nGoY41sW5ZE55awW","workflowName":"My workflow","executionId":"6","nodeType":"n8n-nodes-base.readWriteFile","nodeName":"Save L1 Data","nodeId":"3ae87e17-7445-4d06-915d-fa7f63df253d"}}
{"__type":"$$EventMessageConfirm","confirm":"ad809f68-9f08-4091-b6cb-e7bf1e8edd47","ts":"2025-08-08T08:15:14.353-04:00","source":{"id":"0","name":"eventBus"}}
{"__type":"$$EventMessageNode","id":"34d605b9-984f-4cad-bcdd-ccb95b9f0ae5","ts":"2025-08-08T08:15:14.367-04:00","eventName":"n8n.node.finished","message":"n8n.node.finished","payload":{"workflowId":"nGoY41sW5ZE55awW","workflowName":"My workflow","executionId":"6","nodeType":"n8n-nodes-base.readWriteFile","nodeName":"Save L1 Data","nodeId":"3ae87e17-7445-4d06-915d-fa7f63df253d"}}
{"__type":"$$EventMessageConfirm","confirm":"34d605b9-984f-4cad-bcdd-ccb95b9f0ae5","ts":"2025-08-08T08:15:14.367-04:00","source":{"id":"0","name":"eventBus"}}
{"__type":"$$EventMessageWorkflow","id":"79f3ba6a-c015-4eb2-b9ce-5db66b067691","ts":"2025-08-08T08:15:14.370-04:00","eventName":"n8n.workflow.failed","message":"n8n.workflow.failed","payload":{"userId":"1028c71f-cf2a-4232-8a83-0097f7a8b91d","executionId":"6","success":false,"isManual":true,"workflowId":"nGoY41sW5ZE55awW","workflowName":"My workflow","lastNodeExecuted":"Save L1 Data","errorNodeType":"n8n-nodes-base.readWriteFile","errorMessage":"The file or directory does not exist"}}
{"__type":"$$EventMessageConfirm","confirm":"79f3ba6a-c015-4eb2-b9ce-5db66b067691","ts":"2025-08-08T08:15:14.370-04:00","source":{"id":"0","name":"eventBus"}}
